Log file open, 09/14/18 09:31:07
LogWindows: Failed to load 'aqProf.dll' (GetLastError=126)
LogWindows: File 'aqProf.dll' does not exist
LogWindows: Failed to load 'VSPerf140.dll' (GetLastError=126)
LogWindows: File 'VSPerf140.dll' does not exist
LogWindows: Failed to load 'VtuneApi.dll' (GetLastError=126)
LogWindows: File 'VtuneApi.dll' does not exist
LogWindows: Failed to load 'VtuneApi32e.dll' (GetLastError=126)
LogWindows: File 'VtuneApi32e.dll' does not exist
LogInit: Display: Running engine for game: XmasGiftDelivery
LogPlatformFile: Not using cached read wrapper
LogTaskGraph: Started task graph with 5 named threads and 23 total threads with 3 sets of task threads.
LogStats: Stats thread started at 0.268207
LogD3D11RHI: Loaded GFSDK_Aftermath_Lib.x64.dll
LogICUInternationalization: Display: ICU TimeZone Detection - Raw Offset: +2:00, Platform Override: ''
LogPluginManager: Mounting plugin Paper2D
LogPluginManager: Mounting plugin AISupport
LogPluginManager: Mounting plugin LightPropagationVolume
LogPluginManager: Mounting plugin CLionSourceCodeAccess
LogPluginManager: Mounting plugin CodeLiteSourceCodeAccess
LogPluginManager: Mounting plugin GitSourceControl
LogPluginManager: Mounting plugin KDevelopSourceCodeAccess
LogPluginManager: Mounting plugin NullSourceCodeAccess
LogPluginManager: Mounting plugin PerforceSourceControl
LogPluginManager: Mounting plugin SubversionSourceControl
LogPluginManager: Mounting plugin UObjectPlugin
LogPluginManager: Mounting plugin VisualStudioCodeSourceCodeAccess
LogPluginManager: Mounting plugin VisualStudioSourceCodeAccess
LogPluginManager: Mounting plugin XCodeSourceCodeAccess
LogPluginManager: Mounting plugin AssetManagerEditor
LogPluginManager: Mounting plugin CryptoKeys
LogPluginManager: Mounting plugin DataValidation
LogPluginManager: Mounting plugin FacialAnimation
LogPluginManager: Mounting plugin GameplayTagsEditor
LogPluginManager: Mounting plugin MacGraphicsSwitching
LogPluginManager: Mounting plugin MeshEditor
LogPluginManager: Mounting plugin MobileLauncherProfileWizard
LogPluginManager: Mounting plugin PluginBrowser
LogPluginManager: Mounting plugin SpeedTreeImporter
LogPluginManager: Mounting plugin DatasmithContent
LogPluginManager: Mounting plugin AlembicImporter
LogPluginManager: Mounting plugin AppleImageUtils
LogPluginManager: Mounting plugin AppleVision
LogPluginManager: Mounting plugin BackChannel
LogPluginManager: Mounting plugin CharacterAI
LogPluginManager: Mounting plugin GeometryCache
LogPluginManager: Mounting plugin HTML5Networking
LogPluginManager: Mounting plugin ProxyLODPlugin
LogPluginManager: Mounting plugin MagicLeap
LogPluginManager: Mounting plugin MagicLeapEmulator
LogPluginManager: Mounting plugin MagicLeapMedia
LogPluginManager: Mounting plugin AndroidMedia
LogPluginManager: Mounting plugin AvfMedia
LogPluginManager: Mounting plugin ImgMedia
LogPluginManager: Mounting plugin LinearTimecode
LogPluginManager: Mounting plugin MediaCompositing
LogPluginManager: Mounting plugin MediaPlayerEditor
LogPluginManager: Mounting plugin WmfMedia
LogPluginManager: Mounting plugin TcpMessaging
LogPluginManager: Mounting plugin UdpMessaging
LogPluginManager: Mounting plugin ActorSequence
LogPluginManager: Mounting plugin LevelSequenceEditor
LogPluginManager: Mounting plugin MatineeToLevelSequence
LogPluginManager: Mounting plugin NetcodeUnitTest
LogPluginManager: Mounting plugin NUTUnrealEngine4
LogPluginManager: Mounting plugin OnlineSubsystemGooglePlay
LogPluginManager: Mounting plugin OnlineSubsystemIOS
LogPluginManager: Mounting plugin OnlineSubsystem
LogPluginManager: Mounting plugin OnlineSubsystemNull
LogPluginManager: Mounting plugin OnlineSubsystemUtils
LogPluginManager: Mounting plugin LauncherChunkInstaller
LogPluginManager: Mounting plugin AndroidDeviceProfileSelector
LogPluginManager: Mounting plugin AndroidMoviePlayer
LogPluginManager: Mounting plugin AndroidPermission
LogPluginManager: Mounting plugin AppleMoviePlayer
LogPluginManager: Mounting plugin ArchVisCharacter
LogPluginManager: Mounting plugin AudioCapture
LogPluginManager: Mounting plugin CableComponent
LogPluginManager: Mounting plugin CustomMeshComponent
LogPluginManager: Mounting plugin EditableMesh
LogPluginManager: Mounting plugin ExampleDeviceProfileSelector
LogPluginManager: Mounting plugin GoogleCloudMessaging
LogPluginManager: Mounting plugin ImmediatePhysics
LogPluginManager: Mounting plugin IOSDeviceProfileSelector
LogPluginManager: Mounting plugin LinuxDeviceProfileSelector
LogPluginManager: Mounting plugin LocationServicesBPLibrary
LogPluginManager: Mounting plugin MobilePatchingUtils
LogPluginManager: Mounting plugin OculusVR
LogPluginManager: Plugin shader directory ../../../Engine/Plugins/Runtime/Oculus/OculusVR/Shaders found
LogPluginManager: Mapping shader source directory ../../../Engine/Plugins/Runtime/Oculus/OculusVR/Shaders to virtual directory /Plugin/OculusVR
LogPluginManager: Mounting plugin PhysXVehicles
LogPluginManager: Mounting plugin ProceduralMeshComponent
LogPluginManager: Mounting plugin RuntimePhysXCooking
LogPluginManager: Mounting plugin SteamVR
LogPluginManager: Mounting plugin WindowsMoviePlayer
LogStreaming: Display: Took  0.105s to configure plugins.
LogInit: Using libcurl 7.55.1-DEV
LogInit:  - built for x86_64-pc-win32
LogInit:  - supports SSL with OpenSSL/1.0.2h
LogInit:  - supports HTTP deflate (compression) using libz 1.2.8
LogInit:  - other features:
LogInit:      CURL_VERSION_SSL
LogInit:      CURL_VERSION_LIBZ
LogInit:      CURL_VERSION_IPV6
LogInit:      CURL_VERSION_ASYNCHDNS
LogInit:      CURL_VERSION_LARGEFILE
LogInit:      CURL_VERSION_IDN
LogInit:  CurlRequestOptions (configurable via config and command line):
LogInit:  - bVerifyPeer = false  - Libcurl will NOT verify peer certificate
LogInit:  - bUseHttpProxy = false  - Libcurl will NOT use HTTP proxy
LogInit:  - bDontReuseConnections = false  - Libcurl will reuse connections
LogInit:  - CertBundlePath = nullptr  - Libcurl will use whatever was configured at build time.
LogInit:  - MaxHostConnections = 16  - Libcurl will limit the number of connections to a host
LogInit:  - LocalHostAddr = Default
LogInit:  - BufferSize = 65536
LogInit: WinSock: version 1.1 (2.2), MaxSocks=32767, MaxUdp=65467
LogInit: Build: ++UE4+Release-4.20-CL-4302132
LogInit: Engine Version: 4.20.2-4302132+++UE4+Release-4.20
LogInit: Compatible Engine Version: 4.20.0-4212847+++UE4+Release-4.20
LogInit: Net CL: 4212847
LogInit: OS: Windows 10 (), CPU: Intel(R) Core(TM) i7-7700 CPU @ 3.60GHz, GPU: NVIDIA GeForce GTX 1060 3GB
LogInit: Compiled (64-bit): Aug 21 2018 02:06:06
LogInit: Compiled with Visual C++: 19.13.26129.00
LogInit: Build Configuration: Development
LogInit: Branch Name: ++UE4+Release-4.20
LogInit: Command Line: 
LogInit: Base Directory: C:/Program Files/Epic Games/UE_4.20/Engine/Binaries/Win64/
LogInit: Installed Engine Build: 1
LogDevObjectVersion: Number of dev versions registered: 20
LogDevObjectVersion:   Dev-Blueprints (B0D832E4-1F89-4F0D-ACCF-7EB736FD4AA2): 10
LogDevObjectVersion:   Dev-Build (E1C64328-A22C-4D53-A36C-8E866417BD8C): 0
LogDevObjectVersion:   Dev-Core (375EC13C-06E4-48FB-B500-84F0262A717E): 2
LogDevObjectVersion:   Dev-Editor (E4B068ED-F494-42E9-A231-DA0B2E46BB41): 24
LogDevObjectVersion:   Dev-Framework (CFFC743F-43B0-4480-9391-14DF171D2073): 34
LogDevObjectVersion:   Dev-Mobile (B02B49B5-BB20-44E9-A304-32B752E40360): 2
LogDevObjectVersion:   Dev-Networking (A4E4105C-59A1-49B5-A7C5-40C4547EDFEE): 0
LogDevObjectVersion:   Dev-Online (39C831C9-5AE6-47DC-9A44-9C173E1C8E7C): 0
LogDevObjectVersion:   Dev-Physics (78F01B33-EBEA-4F98-B9B4-84EACCB95AA2): 0
LogDevObjectVersion:   Dev-Platform (6631380F-2D4D-43E0-8009-CF276956A95A): 0
LogDevObjectVersion:   Dev-Rendering (12F88B9F-8875-4AFC-A67C-D90C383ABD29): 26
LogDevObjectVersion:   Dev-Sequencer (7B5AE74C-D270-4C10-A958-57980B212A5A): 9
LogDevObjectVersion:   Dev-VR (D7296918-1DD6-4BDD-9DE2-64A83CC13884): 2
LogDevObjectVersion:   Dev-LoadTimes (C2A15278-BFE7-4AFE-6C17-90FF531DF755): 1
LogDevObjectVersion:   Private-Geometry (6EACA3D4-40EC-4CC1-B786-8BED09428FC5): 3
LogDevObjectVersion:   Dev-AnimPhys (29E575DD-E0A3-4627-9D10-D276232CDCEA): 17
LogDevObjectVersion:   Dev-ReflectionCapture (6B266CEC-1EC7-4B8F-A30B-E4D90942FC07): 1
LogDevObjectVersion:   Dev-Automation (0DF73D61-A23F-47EA-B727-89E90C41499A): 1
LogDevObjectVersion:   FortniteMain (601D1886-AC64-4F84-AA16-D3DE0DEAC7D6): 12
LogDevObjectVersion:   Dev-Enterprise (9DFFBCD6-494F-0158-E221-12823C92A888): 1
LogStreaming: Display: Took  0.000s to delete old logs.
LogInit: Presizing for max 8388607 objects, including 0 objects not considered by GC, pre-allocating 0 bytes for permanent pool.
LogInit: Object subsystem initialized
[2018.09.14-06.31.08:147][  0]LogInit: Selected Device Profile: [Windows]
[2018.09.14-06.31.08:147][  0]LogInit: Applying CVar settings loaded from the selected device profile: [Windows]
[2018.09.14-06.31.08:172][  0]LogHAL: Display: Platform has ~ 16 GB [17053216768 / 17179869184 / 16], which maps to Larger [LargestMinGB=32, LargerMinGB=12, DefaultMinGB=8, SmallerMinGB=6, SmallestMinGB=0)
[2018.09.14-06.31.08:172][  0]LogInit: Setting Device Profile CVar: [[r.Vulkan.UseRealUBs:1]]
[2018.09.14-06.31.08:172][  0]LogInit: Going up to parent DeviceProfile []
[2018.09.14-06.31.08:172][  0]LogInit: Computer: AOTA1-1L161-10D
[2018.09.14-06.31.08:172][  0]LogInit: User: henrysiu
[2018.09.14-06.31.08:172][  0]LogInit: CPU Page size=4096, Cores=4
[2018.09.14-06.31.08:172][  0]LogInit: High frequency timer resolution =3.515630 MHz
[2018.09.14-06.31.08:172][  0]LogMemory: Memory total: Physical=15.9GB (16GB approx)
[2018.09.14-06.31.08:172][  0]LogMemory: Platform Memory Stats for Windows
[2018.09.14-06.31.08:172][  0]LogMemory: Process Physical Memory: 99.76 MB used, 99.76 MB peak
[2018.09.14-06.31.08:172][  0]LogMemory: Process Virtual Memory: 91.00 MB used, 91.00 MB peak
[2018.09.14-06.31.08:172][  0]LogMemory: Physical Memory: 5167.50 MB used,  11095.71 MB free, 16263.21 MB total
[2018.09.14-06.31.08:172][  0]LogMemory: Virtual Memory: 4640.29 MB used,  11095.71 MB free, 134217728.00 MB total
[2018.09.14-06.31.08:183][  0]LogInit: Using OS detected language (en-US).
[2018.09.14-06.31.08:183][  0]LogInit: Using OS detected locale (fi-FI).
[2018.09.14-06.31.08:184][  0]LogTextLocalizationManager: No specific localization for 'en-US' exists, so the 'en' localization will be used.
[2018.09.14-06.31.08:487][  0]LogStreaming: Display: Took  0.304s to InitEngineTextLocalization.
[2018.09.14-06.31.08:487][  0]LogInit: Setting process to per monitor DPI aware
[2018.09.14-06.31.08:521][  0]LogSlate: New Slate User Created.  User Index 0, Is Virtual User: 0
[2018.09.14-06.31.08:521][  0]LogSlate: Slate User Registered.  User Index 0, Is Virtual User: 0
[2018.09.14-06.31.08:686][  0]LogHMD: Failed to initialize OpenVR with code 110
[2018.09.14-06.31.08:686][  0]LogD3D11RHI: D3D11 adapters:
[2018.09.14-06.31.08:724][  0]LogD3D11RHI:    0. 'NVIDIA GeForce GTX 1060 3GB' (Feature Level 11_0)
[2018.09.14-06.31.08:725][  0]LogD3D11RHI:       2997/0/8131 MB DedicatedVideo/DedicatedSystem/SharedSystem, Outputs:2, VendorId:0x10de
[2018.09.14-06.31.08:733][  0]LogD3D11RHI:    1. 'Intel(R) HD Graphics 630' (Feature Level 11_0)
[2018.09.14-06.31.08:733][  0]LogD3D11RHI:       128/0/8131 MB DedicatedVideo/DedicatedSystem/SharedSystem, Outputs:0, VendorId:0x8086
[2018.09.14-06.31.08:734][  0]LogD3D11RHI:    2. 'Microsoft Basic Render Driver' (Feature Level 11_0)
[2018.09.14-06.31.08:734][  0]LogD3D11RHI:       0/0/8131 MB DedicatedVideo/DedicatedSystem/SharedSystem, Outputs:0, VendorId:0x1414
[2018.09.14-06.31.08:734][  0]LogD3D11RHI: Chosen D3D11 Adapter: 0
[2018.09.14-06.31.08:739][  0]LogD3D11RHI: Creating new Direct3DDevice
[2018.09.14-06.31.08:739][  0]LogD3D11RHI:     GPU DeviceId: 0x1c02 (for the marketing name, search the web for "GPU Device Id")
[2018.09.14-06.31.08:739][  0]LogWindows: EnumDisplayDevices:
[2018.09.14-06.31.08:739][  0]LogWindows:    0. 'NVIDIA GeForce GTX 1060 3GB' (P:0 D:1)
[2018.09.14-06.31.08:739][  0]LogWindows:    1. 'NVIDIA GeForce GTX 1060 3GB' (P:1 D:1)
[2018.09.14-06.31.08:740][  0]LogWindows:    2. 'NVIDIA GeForce GTX 1060 3GB' (P:0 D:0)
[2018.09.14-06.31.08:740][  0]LogWindows:    3. 'NVIDIA GeForce GTX 1060 3GB' (P:0 D:0)
[2018.09.14-06.31.08:740][  0]LogWindows:    4. 'Intel(R) HD Graphics 630' (P:0 D:0)
[2018.09.14-06.31.08:740][  0]LogWindows:    5. 'Intel(R) HD Graphics 630' (P:0 D:0)
[2018.09.14-06.31.08:740][  0]LogWindows:    6. 'Intel(R) HD Graphics 630' (P:0 D:0)
[2018.09.14-06.31.08:740][  0]LogWindows: DebugString: PrimaryIsNotTheChoosenAdapter PrimaryIsNotTheChoosenAdapter PrimaryIsNotTheChoosenAdapter FoundDriverCount:4 
[2018.09.14-06.31.08:740][  0]LogD3D11RHI:     Adapter Name: NVIDIA GeForce GTX 1060 3GB
[2018.09.14-06.31.08:740][  0]LogD3D11RHI:   Driver Version: 388.73 (internal:23.21.13.8873, unified:388.73)
[2018.09.14-06.31.08:740][  0]LogD3D11RHI:      Driver Date: 12-18-2017
[2018.09.14-06.31.08:740][  0]LogRHI: Texture pool is 2097 MB (70% of 2997 MB)
[2018.09.14-06.31.08:761][  0]LogD3D11RHI: Async texture creation enabled
[2018.09.14-06.31.08:772][  0]LogD3D11RHI: GPU Timing Frequency: 1000.000000 (Debug: 2 1)
[2018.09.14-06.31.08:859][  0]LogShaderCompilers: Guid format shader working directory is -24 characters bigger than the processId version (../../../../../../Users/henrysiu/Documents/Unreal Projects/XmasGiftDelivery/Intermediate/Shaders/WorkingDirectory/32/).
[2018.09.14-06.31.08:859][  0]LogShaderCompilers: Cleaned the shader compiler working directory 'C:/Users/henrysiu/AppData/Local/Temp/UnrealShaderWorkingDir/FDC726F84F62A67A5B1768AB1777AA2D/'.
[2018.09.14-06.31.09:085][  0]LogTemp: Display: Loaded TP AllDesktopTargetPlatform
[2018.09.14-06.31.09:095][  0]LogTemp: Display: Loaded TP MacClientTargetPlatform
[2018.09.14-06.31.09:106][  0]LogTemp: Display: Loaded TP MacNoEditorTargetPlatform
[2018.09.14-06.31.09:116][  0]LogTemp: Display: Loaded TP MacServerTargetPlatform
[2018.09.14-06.31.09:127][  0]LogTemp: Display: Loaded TP MacTargetPlatform
[2018.09.14-06.31.09:137][  0]LogTemp: Display: Loaded TP WindowsClientTargetPlatform
[2018.09.14-06.31.09:148][  0]LogTemp: Display: Loaded TP WindowsNoEditorTargetPlatform
[2018.09.14-06.31.09:159][  0]LogTemp: Display: Loaded TP WindowsServerTargetPlatform
[2018.09.14-06.31.09:164][  0]LogTemp: Display: Loaded TP WindowsTargetPlatform
[2018.09.14-06.31.09:227][  0]LogTemp: Display: Loaded TP AndroidTargetPlatform
[2018.09.14-06.31.09:227][  0]LogTemp: Display: Loaded TP AndroidTargetPlatform
[2018.09.14-06.31.09:227][  0]LogTemp: Display: Loaded TP AndroidTargetPlatform
[2018.09.14-06.31.09:227][  0]LogTemp: Display: Loaded TP AndroidTargetPlatform
[2018.09.14-06.31.09:227][  0]LogTemp: Display: Loaded TP AndroidTargetPlatform
[2018.09.14-06.31.09:227][  0]LogTemp: Display: Loaded TP AndroidTargetPlatform
[2018.09.14-06.31.09:227][  0]LogTemp: Display: Loaded TP AndroidTargetPlatform
[2018.09.14-06.31.09:227][  0]LogTemp: Display: Loaded TP AndroidTargetPlatform
[2018.09.14-06.31.09:227][  0]LogTemp: Display: Loaded TP AndroidTargetPlatform
[2018.09.14-06.31.09:227][  0]LogTemp: Display: Loaded TP AndroidTargetPlatform
[2018.09.14-06.31.09:227][  0]LogTemp: Display: Loaded TP AndroidTargetPlatform
[2018.09.14-06.31.09:227][  0]LogTemp: Display: Loaded TP AndroidTargetPlatform
[2018.09.14-06.31.09:227][  0]LogTemp: Display: Loaded TP AndroidTargetPlatform
[2018.09.14-06.31.09:227][  0]LogTemp: Display: Loaded TP AndroidTargetPlatform
[2018.09.14-06.31.09:227][  0]LogTemp: Display: Loaded TP AndroidTargetPlatform
[2018.09.14-06.31.09:227][  0]LogTemp: Display: Loaded TP AndroidTargetPlatform
[2018.09.14-06.31.09:227][  0]LogTemp: Display: Loaded TP AndroidTargetPlatform
[2018.09.14-06.31.09:227][  0]LogTemp: Display: Loaded TP AndroidTargetPlatform
[2018.09.14-06.31.09:228][  0]LogTemp: Display: Loaded TP HTML5TargetPlatform
[2018.09.14-06.31.09:282][  0]LogTemp: Display: Loaded TP IOSTargetPlatform
[2018.09.14-06.31.09:282][  0]LogTemp: Display: Loaded TP IOSTargetPlatform
[2018.09.14-06.31.09:301][  0]LogTemp: Display: Loaded TP TVOSTargetPlatform
[2018.09.14-06.31.09:301][  0]LogTemp: Display: Loaded TP TVOSTargetPlatform
[2018.09.14-06.31.09:311][  0]LogTemp: Display: Loaded TP LinuxClientTargetPlatform
[2018.09.14-06.31.09:321][  0]LogTemp: Display: Loaded TP LinuxNoEditorTargetPlatform
[2018.09.14-06.31.09:330][  0]LogTemp: Display: Loaded TP LinuxServerTargetPlatform
[2018.09.14-06.31.09:341][  0]LogTemp: Display: Loaded TP LinuxTargetPlatform
[2018.09.14-06.31.09:348][  0]LogTemp: Display: Loaded TP LuminTargetPlatform
[2018.09.14-06.31.09:348][  0]LogTargetPlatformManager: Display: Building Assets For Windows
[2018.09.14-06.31.09:392][  0]LogXGEController: Cannot use XGE Controller as Incredibuild is not installed on this machine.
[2018.09.14-06.31.09:392][  0]LogShaderCompilers: Cannot use XGE Shader Compiler as Incredibuild is not installed on this machine.
[2018.09.14-06.31.09:392][  0]LogShaderCompilers: Display: Using Local Shader Compiler.
[2018.09.14-06.31.09:976][  0]LogDerivedDataCache: Display: Max Cache Size: 512 MB
[2018.09.14-06.31.10:028][  0]LogDerivedDataCache: Loaded boot cache 0.05s 71MB C:/Users/henrysiu/AppData/Local/UnrealEngine/4.20/DerivedDataCache/Boot.ddc.
[2018.09.14-06.31.10:029][  0]LogDerivedDataCache: Display: Loaded Boot cache: C:/Users/henrysiu/AppData/Local/UnrealEngine/4.20/DerivedDataCache/Boot.ddc
[2018.09.14-06.31.10:029][  0]LogDerivedDataCache: FDerivedDataBackendGraph:  Pak pak cache file ../../../../../../Users/henrysiu/Documents/Unreal Projects/XmasGiftDelivery/DerivedDataCache/DDC.ddp not found, will not use a pak cache.
[2018.09.14-06.31.10:029][  0]LogDerivedDataCache: Unable to find inner node Pak for hierarchical cache Hierarchy.
[2018.09.14-06.31.10:029][  0]LogDerivedDataCache: FDerivedDataBackendGraph:  CompressedPak pak cache file ../../../../../../Users/henrysiu/Documents/Unreal Projects/XmasGiftDelivery/DerivedDataCache/Compressed.ddp not found, will not use a pak cache.
[2018.09.14-06.31.10:029][  0]LogDerivedDataCache: Unable to find inner node CompressedPak for hierarchical cache Hierarchy.
[2018.09.14-06.31.10:040][  0]LogDerivedDataCache: Display: Pak cache opened for reading ../../../Engine/DerivedDataCache/Compressed.ddp.
[2018.09.14-06.31.10:052][  0]LogDerivedDataCache: Using Local data cache path C:/Users/henrysiu/AppData/Local/UnrealEngine/Common/DerivedDataCache: Writable
[2018.09.14-06.31.10:052][  0]LogDerivedDataCache: Shared data cache path not found in *engine.ini, will not use an Shared cache.
[2018.09.14-06.31.10:052][  0]LogDerivedDataCache: Unable to find inner node Shared for hierarchical cache Hierarchy.
[2018.09.14-06.31.10:068][  0]LogMaterial: Verifying Global Shaders for PCD3D_SM5
[2018.09.14-06.31.10:069][  0]LogSlate: Using FreeType 2.6.0
[2018.09.14-06.31.10:070][  0]LogSlate: SlateFontServices - WITH_FREETYPE: 1, WITH_HARFBUZZ: 1
[2018.09.14-06.31.10:135][  0]LogAssetRegistry: FAssetRegistry took 0.0252 seconds to start up
[2018.09.14-06.31.10:393][  0]LogInit: Selected Device Profile: [Windows]
[2018.09.14-06.31.10:500][  0]LogSimplygon: Simplygon DLL not present - disabling.
[2018.09.14-06.31.10:503][  0]LogMeshReduction: Using SimplygonSwarm for distributed automatic mesh merging
[2018.09.14-06.31.10:503][  0]LogMeshReduction: Using ProxyLODMeshReduction for automatic mesh merging
[2018.09.14-06.31.10:503][  0]LogMeshReduction: Using QuadricMeshReduction for automatic static mesh reduction
[2018.09.14-06.31.10:503][  0]LogMeshReduction: No automatic skeletal mesh reduction module available
[2018.09.14-06.31.10:519][  0]LogNetVersion: XmasGiftDelivery 1.0.0, NetCL: 4212847, EngineNetVer: 5, GameNetVer: 0 (Checksum: 2781572377)
[2018.09.14-06.31.10:941][  0]LogPackageLocalizationCache: Processed 11 localized package path(s) for 2 prioritized culture(s) in 0.090332 seconds
[2018.09.14-06.31.10:946][  0]LogUObjectArray: 38425 objects as part of root set at end of initial load.
[2018.09.14-06.31.10:946][  0]LogUObjectAllocator: 6690864 out of 0 bytes used by permanent object pool.
[2018.09.14-06.31.10:946][  0]LogUObjectArray: CloseDisregardForGC: 0/0 objects in disregard for GC pool
[2018.09.14-06.31.11:603][  0]LogTcpMessaging: Initializing TcpMessaging bridge
[2018.09.14-06.31.11:617][  0]LogUdpMessaging: Initializing bridge on interface 0.0.0.0:0 to multicast group 230.0.0.1:6666.
[2018.09.14-06.31.11:747][  0]SourceControl: Source control is disabled
[2018.09.14-06.31.11:747][  0]SourceControl: Source control is disabled
[2018.09.14-06.31.11:747][  0]SourceControl: Source control is disabled
[2018.09.14-06.31.11:748][  0]SourceControl: Source control is disabled
[2018.09.14-06.31.11:891][  0]LogAndroidPermission: UAndroidPermissionCallbackProxy::GetInstance
[2018.09.14-06.31.11:934][  0]LogOcInput: OculusInput pre-init called
[2018.09.14-06.31.11:984][  0]LogEngine: Initializing Engine...
[2018.09.14-06.31.11:984][  0]LogHMD: Failed to initialize OpenVR with code 110
[2018.09.14-06.31.11:985][  0]LogStats: UGameplayTagsManager::ConstructGameplayTagTree: ImportINI prefixes -  0.000 s
[2018.09.14-06.31.11:985][  0]LogStats: UGameplayTagsManager::ConstructGameplayTagTree: Construct from data asset -  0.000 s
[2018.09.14-06.31.11:986][  0]LogStats: UGameplayTagsManager::ConstructGameplayTagTree: ImportINI -  0.000 s
[2018.09.14-06.31.11:986][  0]LogStats: UGameplayTagsManager::ConstructGameplayTagTree: GameplayTagTreeChangedEvent.Broadcast -  0.000 s
[2018.09.14-06.31.12:148][  0]LogInit: Initializing FReadOnlyCVARCache
[2018.09.14-06.31.12:160][  0]LogAIModule: Creating AISystem for world Untitled
[2018.09.14-06.31.12:170][  0]LogInit: XAudio2 using 'Speaker (Conexant HD Audio)' : 2 channels at 48 kHz using 32 bits per sample (channel mask 0x3)
[2018.09.14-06.31.12:179][  0]LogInit: FAudioDevice initialized.
[2018.09.14-06.31.12:179][  0]LogNetVersion: Set ProjectVersion to 1.0.0.0. Version Checksum will be recalculated on next use.
[2018.09.14-06.31.12:234][  0]LogDerivedDataCache: Saved boot cache 0.05s 71MB C:/Users/henrysiu/AppData/Local/UnrealEngine/4.20/DerivedDataCache/Boot.ddc.
[2018.09.14-06.31.12:240][  0]LogInit: Texture streaming: Enabled
[2018.09.14-06.31.12:251][  0]LogEngineSessionManager: EngineSessionManager initialized
[2018.09.14-06.31.12:260][  0]LogInit: Transaction tracking system initialized
[2018.09.14-06.31.12:276][  0]BlueprintLog: New page: Editor Load
[2018.09.14-06.31.12:342][  0]LocalizationService: Localization service is disabled
[2018.09.14-06.31.12:570][  0]LogCook: Display: Max memory allowance for cook 16384mb min free memory 0mb
[2018.09.14-06.31.12:570][  0]LogCook: Display: Mobile HDR setting 1
[2018.09.14-06.31.12:570][  0]LogGameplayTags: Display: UGameplayTagsManager::DoneAddingNativeTags. DelegateIsBound: 0
[2018.09.14-06.31.12:570][  0]LogStats: UGameplayTagsManager::ConstructGameplayTagTree: ImportINI prefixes -  0.000 s
[2018.09.14-06.31.12:570][  0]LogStats: UGameplayTagsManager::ConstructGameplayTagTree: Construct from data asset -  0.000 s
[2018.09.14-06.31.12:570][  0]LogStats: UGameplayTagsManager::ConstructGameplayTagTree: ImportINI -  0.000 s
[2018.09.14-06.31.12:570][  0]LogStats: UGameplayTagsManager::ConstructGameplayTagTree: GameplayTagTreeChangedEvent.Broadcast -  0.000 s
[2018.09.14-06.31.12:658][  0]LogFileCache: Scanning file cache for directory 'C:/Users/henrysiu/Documents/Unreal Projects/XmasGiftDelivery/Content/' took 0.02s
[2018.09.14-06.31.12:658][  0]SourceControl: Source control is disabled
[2018.09.14-06.31.12:658][  0]Cmd: MAP LOAD FILE="../../../../../../Users/henrysiu/Documents/Unreal Projects/XmasGiftDelivery/Content/2DSideScrollerBP/Maps/2DSideScrollerExampleMap.umap" TEMPLATE=0 SHOWPROGRESS=1 FEATURELEVEL=3
[2018.09.14-06.31.12:662][  0]LightingResults: New page: Lighting Build
[2018.09.14-06.31.12:665][  0]MapCheck: New page: Map Check
[2018.09.14-06.31.12:665][  0]LightingResults: New page: Lighting Build
[2018.09.14-06.31.12:988][  0]LogAIModule: Creating AISystem for world 2DSideScrollerExampleMap
[2018.09.14-06.31.12:992][  0]LogEditorServer: Finished looking for orphan Actors (0.000 secs)
[2018.09.14-06.31.13:013][  0]Cmd: MAP CHECKDEP NOCLEARLOG
[2018.09.14-06.31.13:072][  0]MapCheck: Map check complete: 0 Error(s), 0 Warning(s), took 58,153ms to complete.
[2018.09.14-06.31.13:072][  0]LogFileHelpers: Loading map '2DSideScrollerExampleMap' took 0.414
[2018.09.14-06.31.13:205][  0]LogSlate: Updating window title bar state: overlay mode, drag disabled, window buttons hidden, title bar hidden
[2018.09.14-06.31.13:211][  0]LogSlate: Updating window title bar state: overlay mode, drag disabled, window buttons hidden, title bar hidden
[2018.09.14-06.31.13:217][  0]LogSlate: Updating window title bar state: overlay mode, drag disabled, window buttons hidden, title bar hidden
[2018.09.14-06.31.13:222][  0]LogSlate: Updating window title bar state: overlay mode, drag disabled, window buttons hidden, title bar hidden
[2018.09.14-06.31.13:234][  0]LogCollectionManager: Loaded 0 collections in 0.001467 seconds
[2018.09.14-06.31.13:293][  0]LogFileCache: Scanning file cache for directory 'C:/Users/henrysiu/Documents/Unreal Projects/XmasGiftDelivery/Saved/Collections/' took 0.01s
[2018.09.14-06.31.13:293][  0]LogFileCache: Scanning file cache for directory 'C:/Users/henrysiu/Documents/Unreal Projects/XmasGiftDelivery/Content/Developers/henrysiu/Collections/' took 0.01s
[2018.09.14-06.31.13:293][  0]LogFileCache: Scanning file cache for directory 'C:/Users/henrysiu/Documents/Unreal Projects/XmasGiftDelivery/Content/Collections/' took 0.01s
[2018.09.14-06.31.13:293][  0]LogCollectionManager: Rebuilt the GUID cache for 0 collections in 0.000000 seconds
[2018.09.14-06.31.13:302][  0]LogContentBrowser: Native class hierarchy populated in 0.0079 seconds. Added 2572 classes and 603 folders.
[2018.09.14-06.31.13:308][  0]LogContentBrowser: Native class hierarchy updated for 'WidgetCarousel' in 0.0002 seconds. Added 0 classes and 0 folders.
[2018.09.14-06.31.13:622][  0]LogContentBrowser: Native class hierarchy updated for 'AddContentDialog' in 0.0002 seconds. Added 0 classes and 0 folders.
[2018.09.14-06.31.13:635][  0]LogContentBrowser: Native class hierarchy updated for 'SceneOutliner' in 0.0002 seconds. Added 1 classes and 2 folders.
[2018.09.14-06.31.13:679][  0]LogSlate: Took 0.000156 seconds to synchronously load lazily loaded font '../../../Engine/Content/Slate/Fonts/Roboto-Regular.ttf' (155K)
[2018.09.14-06.31.13:682][  0]LogSlate: Took 0.000210 seconds to synchronously load lazily loaded font '../../../Engine/Content/Slate/Fonts/Roboto-Bold.ttf' (160K)
[2018.09.14-06.31.13:694][  0]LogSlate: Took 0.005916 seconds to synchronously load lazily loaded font '../../../Engine/Content/Editor/Slate/Fonts/FontAwesome.ttf' (139K)
[2018.09.14-06.31.13:821][  0]LogRenderer: Reallocating scene render targets to support 1208x576 Format 10 NumSamples 1 (Frame:1).
[2018.09.14-06.31.13:955][  0]LogContentBrowser: Native class hierarchy updated for 'HierarchicalLODOutliner' in 0.0006 seconds. Added 0 classes and 0 folders.
[2018.09.14-06.31.13:955][  0]LogLoad: (Engine Initialization) Total time: 7.24 seconds
[2018.09.14-06.31.13:955][  0]LogLoad: (Engine Initialization) Total Blueprint compile time: 0.00 seconds
[2018.09.14-06.31.13:968][  0]LogWindowsTextInputMethodSystem: Display: IME system now deactivated.
[2018.09.14-06.31.13:992][  0]LogContentStreaming: Texture pool size now 1000 MB
[2018.09.14-06.31.14:122][  0]LogSlate: Took 0.006240 seconds to synchronously load lazily loaded font '../../../Engine/Content/Slate/Fonts/Roboto-Light.ttf' (167K)
[2018.09.14-06.31.14:136][  1]LogAssetRegistry: Asset discovery search completed in 4.0229 seconds
[2018.09.14-06.31.14:137][  1]LogCollectionManager: Rebuilt the object cache for 0 collections in 0.000000 seconds (found 0 objects)
[2018.09.14-06.31.14:137][  1]LogCollectionManager: Fixed up redirectors for 0 collections in 0.000035 seconds (updated 0 objects)
[2018.09.14-06.31.16:654][296]LogSlate: FSceneViewport::OnFocusLost() reason 0
[2018.09.14-06.32.08:295][485]LogTexture: Display: Building textures: 2DBackgroundTile (AutoDXT, 256X256)
[2018.09.14-06.32.08:295][485]LogMaterial: Display: Missing cached shader map for material PrototypingSpriteMaterial, compiling. 
[2018.09.14-06.32.08:331][485]LogShaderCompilers: Display: Shaders left to compile 10
[2018.09.14-06.32.08:333][485]LogSlate: Took 0.000267 seconds to synchronously load lazily loaded font '../../../Engine/Content/Slate/Fonts/Roboto-Light.ttf' (167K)
[2018.09.14-06.32.08:662][485]LogSavePackage: Moving '../../../../../../Users/henrysiu/Documents/Unreal Projects/XmasGiftDelivery/Saved/2DCharacter_IdleAnimAtlas84A2CC334F59C7C006ED078E0EF9D162.tmp' to '../../../../../../Users/henrysiu/Documents/Unreal Projects/XmasGiftDelivery/Content/XmasGiftDelivery/Textures/2DCharacter_IdleAnimAtlas.uasset'
[2018.09.14-06.32.08:695][485]LogSavePackage: Moving '../../../../../../Users/henrysiu/Documents/Unreal Projects/XmasGiftDelivery/Saved/IdleCycle14DFFF3D14AE66B786907899ECC7D8072.tmp' to '../../../../../../Users/henrysiu/Documents/Unreal Projects/XmasGiftDelivery/Content/XmasGiftDelivery/Sprites/IdleFrames/IdleCycle1.uasset'
[2018.09.14-06.32.08:717][485]LogSavePackage: Moving '../../../../../../Users/henrysiu/Documents/Unreal Projects/XmasGiftDelivery/Saved/IdleCycle235C1E0E14A684DD1BC70BC813313C56E.tmp' to '../../../../../../Users/henrysiu/Documents/Unreal Projects/XmasGiftDelivery/Content/XmasGiftDelivery/Sprites/IdleFrames/IdleCycle2.uasset'
[2018.09.14-06.32.08:740][485]LogSavePackage: Moving '../../../../../../Users/henrysiu/Documents/Unreal Projects/XmasGiftDelivery/Saved/IdleCycle368A3CF274037CD6A7316B2A4A2FD44F6.tmp' to '../../../../../../Users/henrysiu/Documents/Unreal Projects/XmasGiftDelivery/Content/XmasGiftDelivery/Sprites/IdleFrames/IdleCycle3.uasset'
[2018.09.14-06.32.08:761][485]LogSavePackage: Moving '../../../../../../Users/henrysiu/Documents/Unreal Projects/XmasGiftDelivery/Saved/IdleCycle451646EFD421040D55BB690B17FF6DC24.tmp' to '../../../../../../Users/henrysiu/Documents/Unreal Projects/XmasGiftDelivery/Content/XmasGiftDelivery/Sprites/IdleFrames/IdleCycle4.uasset'
[2018.09.14-06.32.08:782][485]LogSavePackage: Moving '../../../../../../Users/henrysiu/Documents/Unreal Projects/XmasGiftDelivery/Saved/IdleCycle59DFAAF824C8A47F5F4DF0083469BF361.tmp' to '../../../../../../Users/henrysiu/Documents/Unreal Projects/XmasGiftDelivery/Content/XmasGiftDelivery/Sprites/IdleFrames/IdleCycle5.uasset'
[2018.09.14-06.32.08:805][485]LogSavePackage: Moving '../../../../../../Users/henrysiu/Documents/Unreal Projects/XmasGiftDelivery/Saved/IdleCycle6CD47DC674171EFF8C05E7AB0AF082C67.tmp' to '../../../../../../Users/henrysiu/Documents/Unreal Projects/XmasGiftDelivery/Content/XmasGiftDelivery/Sprites/IdleFrames/IdleCycle6.uasset'
[2018.09.14-06.32.08:827][485]LogSavePackage: Moving '../../../../../../Users/henrysiu/Documents/Unreal Projects/XmasGiftDelivery/Saved/IdleCycle794DDEAF348BFE19AF4D644AFE1876800.tmp' to '../../../../../../Users/henrysiu/Documents/Unreal Projects/XmasGiftDelivery/Content/XmasGiftDelivery/Sprites/IdleFrames/IdleCycle7.uasset'
[2018.09.14-06.32.08:849][485]LogSavePackage: Moving '../../../../../../Users/henrysiu/Documents/Unreal Projects/XmasGiftDelivery/Saved/IdleCycle8AF84F4D74EC35A2694614CAD07F6B066.tmp' to '../../../../../../Users/henrysiu/Documents/Unreal Projects/XmasGiftDelivery/Content/XmasGiftDelivery/Sprites/IdleFrames/IdleCycle8.uasset'
[2018.09.14-06.32.08:870][485]LogSavePackage: Moving '../../../../../../Users/henrysiu/Documents/Unreal Projects/XmasGiftDelivery/Saved/IdleAnimation7F6E2A2A41A130192B9ABE953ADFB633.tmp' to '../../../../../../Users/henrysiu/Documents/Unreal Projects/XmasGiftDelivery/Content/XmasGiftDelivery/Sprites/IdleAnimation.uasset'
[2018.09.14-06.32.08:905][485]LogSavePackage: Moving '../../../../../../Users/henrysiu/Documents/Unreal Projects/XmasGiftDelivery/Saved/2DCharacter_RunAnimAtlasF4AE20DC48923FA954051B914DE0C1FA.tmp' to '../../../../../../Users/henrysiu/Documents/Unreal Projects/XmasGiftDelivery/Content/XmasGiftDelivery/Textures/2DCharacter_RunAnimAtlas.uasset'
[2018.09.14-06.32.08:926][485]LogSavePackage: Moving '../../../../../../Users/henrysiu/Documents/Unreal Projects/XmasGiftDelivery/Saved/RunCycle_1CF42F61842C110F77D0888964B9641B5.tmp' to '../../../../../../Users/henrysiu/Documents/Unreal Projects/XmasGiftDelivery/Content/XmasGiftDelivery/Sprites/RunFrames/RunCycle_1.uasset'
[2018.09.14-06.32.08:948][485]LogSavePackage: Moving '../../../../../../Users/henrysiu/Documents/Unreal Projects/XmasGiftDelivery/Saved/RunCycle_1046829FBC470C8E66A1D6E186FBE023C5.tmp' to '../../../../../../Users/henrysiu/Documents/Unreal Projects/XmasGiftDelivery/Content/XmasGiftDelivery/Sprites/RunFrames/RunCycle_10.uasset'
[2018.09.14-06.32.08:970][485]LogSavePackage: Moving '../../../../../../Users/henrysiu/Documents/Unreal Projects/XmasGiftDelivery/Saved/RunCycle_111C95716E4034A94BECF90F9BDDEE6677.tmp' to '../../../../../../Users/henrysiu/Documents/Unreal Projects/XmasGiftDelivery/Content/XmasGiftDelivery/Sprites/RunFrames/RunCycle_11.uasset'
[2018.09.14-06.32.08:991][485]LogSavePackage: Moving '../../../../../../Users/henrysiu/Documents/Unreal Projects/XmasGiftDelivery/Saved/RunCycle_127513196245ADF505D588948A637C847F.tmp' to '../../../../../../Users/henrysiu/Documents/Unreal Projects/XmasGiftDelivery/Content/XmasGiftDelivery/Sprites/RunFrames/RunCycle_12.uasset'
[2018.09.14-06.32.09:015][485]LogSavePackage: Moving '../../../../../../Users/henrysiu/Documents/Unreal Projects/XmasGiftDelivery/Saved/RunCycle_13C395CF174C06554A2D3A2B836E851A99.tmp' to '../../../../../../Users/henrysiu/Documents/Unreal Projects/XmasGiftDelivery/Content/XmasGiftDelivery/Sprites/RunFrames/RunCycle_13.uasset'
[2018.09.14-06.32.09:036][485]LogSavePackage: Moving '../../../../../../Users/henrysiu/Documents/Unreal Projects/XmasGiftDelivery/Saved/RunCycle_14B8EDDB1347C6EB20AEECBAB414430A3D.tmp' to '../../../../../../Users/henrysiu/Documents/Unreal Projects/XmasGiftDelivery/Content/XmasGiftDelivery/Sprites/RunFrames/RunCycle_14.uasset'
[2018.09.14-06.32.09:056][485]LogSavePackage: Moving '../../../../../../Users/henrysiu/Documents/Unreal Projects/XmasGiftDelivery/Saved/RunCycle_15D68757BE4BB17D660C692FAE5DFBAA11.tmp' to '../../../../../../Users/henrysiu/Documents/Unreal Projects/XmasGiftDelivery/Content/XmasGiftDelivery/Sprites/RunFrames/RunCycle_15.uasset'
[2018.09.14-06.32.09:076][485]LogSavePackage: Moving '../../../../../../Users/henrysiu/Documents/Unreal Projects/XmasGiftDelivery/Saved/RunCycle_160CC5DA08468979FEEED5C2A4E62B5B2F.tmp' to '../../../../../../Users/henrysiu/Documents/Unreal Projects/XmasGiftDelivery/Content/XmasGiftDelivery/Sprites/RunFrames/RunCycle_16.uasset'
[2018.09.14-06.32.09:096][485]LogSavePackage: Moving '../../../../../../Users/henrysiu/Documents/Unreal Projects/XmasGiftDelivery/Saved/RunCycle_27F4CC5D14A7B153940A213A87E261433.tmp' to '../../../../../../Users/henrysiu/Documents/Unreal Projects/XmasGiftDelivery/Content/XmasGiftDelivery/Sprites/RunFrames/RunCycle_2.uasset'
[2018.09.14-06.32.09:117][485]LogSavePackage: Moving '../../../../../../Users/henrysiu/Documents/Unreal Projects/XmasGiftDelivery/Saved/RunCycle_38F03B01F4E33E09CD6178C86064CF0B8.tmp' to '../../../../../../Users/henrysiu/Documents/Unreal Projects/XmasGiftDelivery/Content/XmasGiftDelivery/Sprites/RunFrames/RunCycle_3.uasset'
[2018.09.14-06.32.09:142][485]LogSavePackage: Moving '../../../../../../Users/henrysiu/Documents/Unreal Projects/XmasGiftDelivery/Saved/RunCycle_434489DAB43DFAB767D8992AA792ED2AF.tmp' to '../../../../../../Users/henrysiu/Documents/Unreal Projects/XmasGiftDelivery/Content/XmasGiftDelivery/Sprites/RunFrames/RunCycle_4.uasset'
[2018.09.14-06.32.09:164][485]LogSavePackage: Moving '../../../../../../Users/henrysiu/Documents/Unreal Projects/XmasGiftDelivery/Saved/RunCycle_5DC6763814DC07B38F76CB3987367D0B7.tmp' to '../../../../../../Users/henrysiu/Documents/Unreal Projects/XmasGiftDelivery/Content/XmasGiftDelivery/Sprites/RunFrames/RunCycle_5.uasset'
[2018.09.14-06.32.09:185][485]LogSavePackage: Moving '../../../../../../Users/henrysiu/Documents/Unreal Projects/XmasGiftDelivery/Saved/RunCycle_69E75C6E9495578FAA78C10819D6551C6.tmp' to '../../../../../../Users/henrysiu/Documents/Unreal Projects/XmasGiftDelivery/Content/XmasGiftDelivery/Sprites/RunFrames/RunCycle_6.uasset'
[2018.09.14-06.32.09:206][485]LogSavePackage: Moving '../../../../../../Users/henrysiu/Documents/Unreal Projects/XmasGiftDelivery/Saved/RunCycle_76FE213A04AA272C7980844899ACC170D.tmp' to '../../../../../../Users/henrysiu/Documents/Unreal Projects/XmasGiftDelivery/Content/XmasGiftDelivery/Sprites/RunFrames/RunCycle_7.uasset'
[2018.09.14-06.32.09:229][485]LogSavePackage: Moving '../../../../../../Users/henrysiu/Documents/Unreal Projects/XmasGiftDelivery/Saved/RunCycle_89053B685457BD4E15B9BE68827EDD89F.tmp' to '../../../../../../Users/henrysiu/Documents/Unreal Projects/XmasGiftDelivery/Content/XmasGiftDelivery/Sprites/RunFrames/RunCycle_8.uasset'
[2018.09.14-06.32.09:251][485]LogSavePackage: Moving '../../../../../../Users/henrysiu/Documents/Unreal Projects/XmasGiftDelivery/Saved/RunCycle_9913CAD5248DC82E53C1C47885688E4F8.tmp' to '../../../../../../Users/henrysiu/Documents/Unreal Projects/XmasGiftDelivery/Content/XmasGiftDelivery/Sprites/RunFrames/RunCycle_9.uasset'
[2018.09.14-06.32.09:273][485]LogSavePackage: Moving '../../../../../../Users/henrysiu/Documents/Unreal Projects/XmasGiftDelivery/Saved/RunningAnimation33D8A32546A46B09075811A392861730.tmp' to '../../../../../../Users/henrysiu/Documents/Unreal Projects/XmasGiftDelivery/Content/XmasGiftDelivery/Sprites/RunningAnimation.uasset'
[2018.09.14-06.32.09:300][485]LogSavePackage: Moving '../../../../../../Users/henrysiu/Documents/Unreal Projects/XmasGiftDelivery/Saved/2DBackgroundD49D16E3479B260FCCDC44B97CE51C7C.tmp' to '../../../../../../Users/henrysiu/Documents/Unreal Projects/XmasGiftDelivery/Content/XmasGiftDelivery/Textures/2DBackground.uasset'
[2018.09.14-06.32.09:323][485]LogSavePackage: Moving '../../../../../../Users/henrysiu/Documents/Unreal Projects/XmasGiftDelivery/Saved/Background_Sprite241BDC764F08E17099164DA9241626AC.tmp' to '../../../../../../Users/henrysiu/Documents/Unreal Projects/XmasGiftDelivery/Content/XmasGiftDelivery/Sprites/Background_Sprite.uasset'
[2018.09.14-06.32.09:339][485]LogSavePackage: Moving '../../../../../../Users/henrysiu/Documents/Unreal Projects/XmasGiftDelivery/Saved/Background_SpriteD006BA0241D52BD8A8B229B5CCCC912F.tmp' to '../../../../../../Users/henrysiu/Documents/Unreal Projects/XmasGiftDelivery/Content/2DSideScroller/Sprites/Background_Sprite.uasset'
[2018.09.14-06.32.09:359][485]LogSavePackage: Moving '../../../../../../Users/henrysiu/Documents/Unreal Projects/XmasGiftDelivery/Saved/2DBackgroundBlockAtlas7288F25A4800D1F2C287BA842630B6CC.tmp' to '../../../../../../Users/henrysiu/Documents/Unreal Projects/XmasGiftDelivery/Content/XmasGiftDelivery/Textures/2DBackgroundBlockAtlas.uasset'
[2018.09.14-06.32.09:384][485]LogSavePackage: Moving '../../../../../../Users/henrysiu/Documents/Unreal Projects/XmasGiftDelivery/Saved/Ledge5BA10A9E4992E637551238ABC16D1E5B.tmp' to '../../../../../../Users/henrysiu/Documents/Unreal Projects/XmasGiftDelivery/Content/XmasGiftDelivery/Sprites/Ledge.uasset'
[2018.09.14-06.32.09:389][485]Cmd: OBJ SAVEPACKAGE PACKAGE="/Game/2DSideScroller/Sprites/Ledge" FILE="../../../../../../Users/henrysiu/Documents/Unreal Projects/XmasGiftDelivery/Content/2DSideScroller/Sprites/Ledge.uasset" SILENT=true
[2018.09.14-06.32.09:400][485]LogSavePackage: Moving '../../../../../../Users/henrysiu/Documents/Unreal Projects/XmasGiftDelivery/Saved/LedgeA73F50E543C279D6441D8D9B1416B1CC.tmp' to '../../../../../../Users/henrysiu/Documents/Unreal Projects/XmasGiftDelivery/Content/2DSideScroller/Sprites/Ledge.uasset'
[2018.09.14-06.32.10:183][485]LogSavePackage: Moving '../../../../../../Users/henrysiu/Documents/Unreal Projects/XmasGiftDelivery/Saved/PrototypingSpriteMaterial590274F240615779CC5B9490CAF01393.tmp' to '../../../../../../Users/henrysiu/Documents/Unreal Projects/XmasGiftDelivery/Content/XmasGiftDelivery/Materials/PrototypingSpriteMaterial.uasset'
[2018.09.14-06.32.10:201][485]LogSavePackage: Moving '../../../../../../Users/henrysiu/Documents/Unreal Projects/XmasGiftDelivery/Saved/PrototypingSpriteBE60980546F5D940D650EEB307580A39.tmp' to '../../../../../../Users/henrysiu/Documents/Unreal Projects/XmasGiftDelivery/Content/XmasGiftDelivery/Sprites/PrototypingSprite.uasset'
[2018.09.14-06.32.10:220][485]LogSavePackage: Moving '../../../../../../Users/henrysiu/Documents/Unreal Projects/XmasGiftDelivery/Saved/2DBackgroundTileBE19681F48FDCA776735EB83154240CC.tmp' to '../../../../../../Users/henrysiu/Documents/Unreal Projects/XmasGiftDelivery/Content/XmasGiftDelivery/Textures/2DBackgroundTile.uasset'
[2018.09.14-06.32.11:693][485]LogSavePackage: Moving '../../../../../../Users/henrysiu/Documents/Unreal Projects/XmasGiftDelivery/Saved/2DSideScrollerCharacter904BA314496E4F3544955EA1774F3B94.tmp' to '../../../../../../Users/henrysiu/Documents/Unreal Projects/XmasGiftDelivery/Content/2DSideScrollerBP/Blueprints/2DSideScrollerCharacter.uasset'
[2018.09.14-06.33.02:197][336]LogSlate: Window 'Save Content' being destroyed
[2018.09.14-06.33.02:249][336]LogSlate: Window 'XmasGiftDelivery - Unreal Editor' being destroyed
[2018.09.14-06.33.02:416][337]Cmd: QUIT_EDITOR
[2018.09.14-06.33.02:454][337]LogWindowsTextInputMethodSystem: Display: IME system now deactivated.
[2018.09.14-06.33.02:463][337]LogExit: Preparing to exit.
[2018.09.14-06.33.02:708][337]LogExit: Editor shut down
[2018.09.14-06.33.02:708][337]LogExit: Transaction tracking system shut down
[2018.09.14-06.33.02:965][337]LogExit: Object subsystem successfully closed.
[2018.09.14-06.33.02:976][337]LogShaderCompilers: Display: Shaders left to compile 0
[2018.09.14-06.33.02:978][337]LogD3D11RHI: Shutdown
[2018.09.14-06.33.02:978][337]LogD3D11RHI: CleanupD3DDevice
[2018.09.14-06.33.02:979][337]LogD3D11RHI: ~FD3D11DynamicRHI
[2018.09.14-06.33.02:995][337]LogModuleManager: Shutting down and abandoning module HierarchicalLODOutliner (610)
[2018.09.14-06.33.02:995][337]LogModuleManager: Shutting down and abandoning module SceneOutliner (608)
[2018.09.14-06.33.02:995][337]LogModuleManager: Shutting down and abandoning module AddContentDialog (606)
[2018.09.14-06.33.02:995][337]LogModuleManager: Shutting down and abandoning module WidgetCarousel (605)
[2018.09.14-06.33.02:995][337]LogModuleManager: Shutting down and abandoning module EditorWidgets (602)
[2018.09.14-06.33.02:995][337]LogModuleManager: Shutting down and abandoning module CollectionManager (600)
[2018.09.14-06.33.02:995][337]LogModuleManager: Shutting down and abandoning module StatsViewer (598)
[2018.09.14-06.33.02:995][337]LogModuleManager: Shutting down and abandoning module FoliageEdit (596)
[2018.09.14-06.33.02:995][337]LogModuleManager: Shutting down and abandoning module LandscapeEditor (594)
[2018.09.14-06.33.02:995][337]LogModuleManager: Shutting down and abandoning module MeshPaintMode (592)
[2018.09.14-06.33.02:995][337]LogModuleManager: Shutting down and abandoning module SceneDepthPickerMode (590)
[2018.09.14-06.33.02:996][337]LogModuleManager: Shutting down and abandoning module ActorPickerMode (588)
[2018.09.14-06.33.02:996][337]LogModuleManager: Shutting down and abandoning module GeometryMode (586)
[2018.09.14-06.33.02:996][337]LogModuleManager: Shutting down and abandoning module TextureAlignMode (584)
[2018.09.14-06.33.02:996][337]LogModuleManager: Shutting down and abandoning module BspMode (582)
[2018.09.14-06.33.02:996][337]LogModuleManager: Shutting down and abandoning module PIEPreviewDeviceProfileSelector (580)
[2018.09.14-06.33.02:996][337]LogModuleManager: Shutting down and abandoning module SequenceRecorderSections (578)
[2018.09.14-06.33.02:996][337]LogModuleManager: Shutting down and abandoning module AutomationWorker (576)
[2018.09.14-06.33.02:996][337]LogModuleManager: Shutting down and abandoning module AudioCaptureEditor (574)
[2018.09.14-06.33.02:996][337]LogModuleManager: Shutting down and abandoning module SequenceRecorder (573)
[2018.09.14-06.33.02:996][337]LogModuleManager: Shutting down and abandoning module MatineeToLevelSequence (570)
[2018.09.14-06.33.02:996][337]LogModuleManager: Shutting down and abandoning module LevelSequenceEditor (568)
[2018.09.14-06.33.02:996][337]LogModuleManager: Shutting down and abandoning module PlacementMode (567)
[2018.09.14-06.33.02:996][337]LogModuleManager: Shutting down and abandoning module MaterialEditor (566)
[2018.09.14-06.33.02:996][337]LogModuleManager: Shutting down and abandoning module WmfMediaFactory (562)
[2018.09.14-06.33.02:996][337]LogModuleManager: Shutting down and abandoning module WmfMediaEditor (560)
[2018.09.14-06.33.02:996][337]LogModuleManager: Shutting down and abandoning module MediaPlayerEditor (558)
[2018.09.14-06.33.02:996][337]LogModuleManager: Shutting down and abandoning module OpenExrWrapper (556)
[2018.09.14-06.33.02:996][337]LogModuleManager: Shutting down and abandoning module ImgMediaFactory (554)
[2018.09.14-06.33.02:996][337]LogModuleManager: Shutting down and abandoning module ImgMediaEditor (552)
[2018.09.14-06.33.02:996][337]LogModuleManager: Shutting down and abandoning module AvfMediaFactory (550)
[2018.09.14-06.33.02:996][337]LogModuleManager: Shutting down and abandoning module AvfMediaEditor (548)
[2018.09.14-06.33.02:996][337]LogModuleManager: Shutting down and abandoning module AndroidMediaFactory (546)
[2018.09.14-06.33.02:996][337]LogModuleManager: Shutting down and abandoning module AndroidMediaEditor (544)
[2018.09.14-06.33.02:996][337]LogModuleManager: Shutting down and abandoning module MagicLeapCameraPreviewFactory (542)
[2018.09.14-06.33.02:996][337]LogModuleManager: Shutting down and abandoning module MagicLeapMediaFactory (540)
[2018.09.14-06.33.02:996][337]LogModuleManager: Shutting down and abandoning module MagicLeapMediaEditor (538)
[2018.09.14-06.33.02:996][337]LogModuleManager: Shutting down and abandoning module CharacterAI (536)
[2018.09.14-06.33.02:996][337]LogModuleManager: Shutting down and abandoning module SmartSnapping (534)
[2018.09.14-06.33.02:996][337]LogModuleManager: Shutting down and abandoning module SessionServices (532)
[2018.09.14-06.33.02:996][337]LogModuleManager: Shutting down and abandoning module ViewportSnapping (530)
[2018.09.14-06.33.02:996][337]LogModuleManager: Shutting down and abandoning module ViewportInteraction (528)
[2018.09.14-06.33.02:996][337]LogModuleManager: Shutting down and abandoning module ClothPainter (526)
[2018.09.14-06.33.02:996][337]LogModuleManager: Shutting down and abandoning module SkeletalMeshEditor (525)
[2018.09.14-06.33.02:996][337]LogModuleManager: Shutting down and abandoning module LogVisualizer (522)
[2018.09.14-06.33.02:996][337]LogModuleManager: Shutting down and abandoning module IntroTutorials (520)
[2018.09.14-06.33.02:996][337]LogModuleManager: Shutting down and abandoning module GameProjectGeneration (519)
[2018.09.14-06.33.02:996][337]LogModuleManager: Shutting down and abandoning module LuminPlatformEditor (516)
[2018.09.14-06.33.02:996][337]LogModuleManager: Shutting down and abandoning module IOSPlatformEditor (514)
[2018.09.14-06.33.02:996][337]LogModuleManager: Shutting down and abandoning module HTML5PlatformEditor (512)
[2018.09.14-06.33.02:996][337]LogModuleManager: Shutting down and abandoning module AndroidPlatformEditor (510)
[2018.09.14-06.33.02:996][337]LogModuleManager: Shutting down and abandoning module AndroidDeviceDetection (509)
[2018.09.14-06.33.03:434][337]LogModuleManager: Shutting down and abandoning module WindowsPlatformEditor (506)
[2018.09.14-06.33.03:434][337]LogModuleManager: Shutting down and abandoning module LuminRuntimeSettings (504)
[2018.09.14-06.33.03:434][337]LogModuleManager: Shutting down and abandoning module IOSRuntimeSettings (502)
[2018.09.14-06.33.03:434][337]LogModuleManager: Shutting down and abandoning module AndroidRuntimeSettings (500)
[2018.09.14-06.33.03:434][337]LogModuleManager: Shutting down and abandoning module InputBindingEditor (498)
[2018.09.14-06.33.03:434][337]LogModuleManager: Shutting down and abandoning module MergeActors (496)
[2018.09.14-06.33.03:434][337]LogModuleManager: Shutting down and abandoning module LocalizationDashboard (494)
[2018.09.14-06.33.03:434][337]LogModuleManager: Shutting down and abandoning module LocalizationService (493)
[2018.09.14-06.33.03:435][337]LogModuleManager: Shutting down and abandoning module HardwareTargeting (490)
[2018.09.14-06.33.03:435][337]LogModuleManager: Shutting down and abandoning module DeviceProfileEditor (488)
[2018.09.14-06.33.03:435][337]LogModuleManager: Shutting down and abandoning module UndoHistory (486)
[2018.09.14-06.33.03:435][337]LogModuleManager: Shutting down and abandoning module XmlParser (484)
[2018.09.14-06.33.03:435][337]LogModuleManager: Shutting down and abandoning module Blutility (482)
[2018.09.14-06.33.03:435][337]LogModuleManager: Shutting down and abandoning module ProjectSettingsViewer (480)
[2018.09.14-06.33.03:435][337]LogModuleManager: Shutting down and abandoning module ProjectTargetPlatformEditor (479)
[2018.09.14-06.33.03:435][337]LogModuleManager: Shutting down and abandoning module EditorSettingsViewer (476)
[2018.09.14-06.33.03:435][337]LogModuleManager: Shutting down and abandoning module SettingsEditor (474)
[2018.09.14-06.33.03:435][337]LogModuleManager: Shutting down and abandoning module ProjectLauncher (472)
[2018.09.14-06.33.03:435][337]LogModuleManager: Shutting down and abandoning module SessionFrontend (470)
[2018.09.14-06.33.03:436][337]LogModuleManager: Shutting down and abandoning module ProfilerClient (468)
[2018.09.14-06.33.03:436][337]LogModuleManager: Shutting down and abandoning module DeviceManager (466)
[2018.09.14-06.33.03:436][337]LogModuleManager: Shutting down and abandoning module TargetDeviceServices (465)
[2018.09.14-06.33.03:490][337]LogModuleManager: Shutting down and abandoning module AutomationController (462)
[2018.09.14-06.33.03:490][337]LogModuleManager: Shutting down and abandoning module AutomationWindow (460)
[2018.09.14-06.33.03:490][337]LogModuleManager: Shutting down and abandoning module Layers (458)
[2018.09.14-06.33.03:490][337]LogModuleManager: Shutting down and abandoning module ComponentVisualizers (456)
[2018.09.14-06.33.03:490][337]LogModuleManager: Shutting down and abandoning module DetailCustomizations (454)
[2018.09.14-06.33.03:490][337]LogModuleManager: Shutting down and abandoning module PackagesDialog (452)
[2018.09.14-06.33.03:491][337]LogModuleManager: Shutting down and abandoning module Persona (450)
[2018.09.14-06.33.03:491][337]LogModuleManager: Shutting down and abandoning module AdvancedPreviewScene (449)
[2018.09.14-06.33.03:491][337]LogModuleManager: Shutting down and abandoning module AnimGraph (447)
[2018.09.14-06.33.03:491][337]LogModuleManager: Shutting down and abandoning module Kismet (444)
[2018.09.14-06.33.03:492][337]LogModuleManager: Shutting down and abandoning module GraphEditor (442)
[2018.09.14-06.33.03:492][337]LogModuleManager: Shutting down and abandoning module ClassViewer (440)
[2018.09.14-06.33.03:492][337]LogModuleManager: Shutting down and abandoning module Toolbox (438)
[2018.09.14-06.33.03:492][337]LogModuleManager: Shutting down and abandoning module ModuleUI (436)
[2018.09.14-06.33.03:492][337]LogModuleManager: Shutting down and abandoning module MovieSceneTools (434)
[2018.09.14-06.33.03:492][337]LogModuleManager: Shutting down and abandoning module OutputLog (432)
[2018.09.14-06.33.03:492][337]LogModuleManager: Shutting down and abandoning module GammaUI (430)
[2018.09.14-06.33.03:492][337]LogModuleManager: Shutting down and abandoning module Documentation (428)
[2018.09.14-06.33.03:492][337]LogModuleManager: Shutting down and abandoning module MovieSceneTracks (426)
[2018.09.14-06.33.03:492][337]LogModuleManager: Shutting down and abandoning module MovieScene (424)
[2018.09.14-06.33.03:492][337]LogModuleManager: Shutting down and abandoning module StreamingPauseRendering (422)
[2018.09.14-06.33.03:493][337]LogModuleManager: Shutting down and abandoning module LauncherPlatform (420)
[2018.09.14-06.33.03:493][337]LogModuleManager: Shutting down and abandoning module AnalyticsET (418)
[2018.09.14-06.33.03:493][337]LogModuleManager: Shutting down and abandoning module PortalServices (416)
[2018.09.14-06.33.03:493][337]LogModuleManager: Shutting down and abandoning module PortalRpc (414)
[2018.09.14-06.33.03:493][337]LogModuleManager: Shutting down and abandoning module MessagingRpc (412)
[2018.09.14-06.33.03:493][337]LogModuleManager: Shutting down and abandoning module AIModule (410)
[2018.09.14-06.33.03:493][337]LogModuleManager: Shutting down and abandoning module GameplayDebugger (409)
[2018.09.14-06.33.03:493][337]LogModuleManager: Shutting down and abandoning module AITestSuite (407)
[2018.09.14-06.33.03:493][337]LogModuleManager: Shutting down and abandoning module NavigationSystem (405)
[2018.09.14-06.33.03:493][337]LogModuleManager: Shutting down and abandoning module DesktopPlatform (402)
[2018.09.14-06.33.03:493][337]LogModuleManager: Shutting down and abandoning module ProfilerService (400)
[2018.09.14-06.33.03:664][337]LogModuleManager: Shutting down and abandoning module TaskGraph (398)
[2018.09.14-06.33.03:664][337]LogModuleManager: Shutting down and abandoning module SteamVRController (396)
[2018.09.14-06.33.03:664][337]LogModuleManager: Shutting down and abandoning module ProceduralMeshComponentEditor (394)
[2018.09.14-06.33.03:664][337]LogModuleManager: Shutting down and abandoning module ProceduralMeshComponent (392)
[2018.09.14-06.33.03:664][337]LogModuleManager: Shutting down and abandoning module OculusInput (390)
[2018.09.14-06.33.03:664][337]LogModuleManager: Shutting down and abandoning module MobilePatchingUtils (388)
[2018.09.14-06.33.03:664][337]LogModuleManager: Shutting down and abandoning module EditableMesh (386)
[2018.09.14-06.33.03:664][337]LogModuleManager: Shutting down and abandoning module CustomMeshComponent (384)
[2018.09.14-06.33.03:664][337]LogModuleManager: Shutting down and abandoning module CableComponent (382)
[2018.09.14-06.33.03:664][337]LogModuleManager: Shutting down and abandoning module AudioCapture (380)
[2018.09.14-06.33.03:664][337]LogModuleManager: Shutting down and abandoning module ArchVisCharacter (378)
[2018.09.14-06.33.03:664][337]LogModuleManager: Shutting down and abandoning module AndroidPermission (376)
[2018.09.14-06.33.03:664][337]LogModuleManager: Shutting down and abandoning module NUTUnrealEngine4 (374)
[2018.09.14-06.33.03:664][337]LogModuleManager: Shutting down and abandoning module NetcodeUnitTest (372)
[2018.09.14-06.33.03:664][337]LogModuleManager: Shutting down and abandoning module MediaCompositingEditor (370)
[2018.09.14-06.33.03:664][337]LogModuleManager: Shutting down and abandoning module MediaCompositing (368)
[2018.09.14-06.33.03:664][337]LogModuleManager: Shutting down and abandoning module LinearTimecode (366)
[2018.09.14-06.33.03:664][337]LogModuleManager: Shutting down and abandoning module ImgMedia (364)
[2018.09.14-06.33.03:674][337]LogModuleManager: Shutting down and abandoning module HTML5Networking (362)
[2018.09.14-06.33.03:674][337]LogModuleManager: Shutting down and abandoning module GeometryCacheTracks (360)
[2018.09.14-06.33.03:674][337]LogModuleManager: Shutting down and abandoning module GeometryCacheSequencer (358)
[2018.09.14-06.33.03:674][337]LogModuleManager: Shutting down and abandoning module BackChannel (356)
[2018.09.14-06.33.03:674][337]LogModuleManager: Shutting down and abandoning module AppleVision (354)
[2018.09.14-06.33.03:674][337]LogModuleManager: Shutting down and abandoning module AppleImageUtils (352)
[2018.09.14-06.33.03:674][337]LogModuleManager: Shutting down and abandoning module AlembicImporter (350)
[2018.09.14-06.33.03:674][337]LogModuleManager: Shutting down and abandoning module AlembicLibrary (349)
[2018.09.14-06.33.03:674][337]LogModuleManager: Shutting down and abandoning module GeometryCache (348)
[2018.09.14-06.33.03:674][337]LogModuleManager: Shutting down and abandoning module GeometryCacheEd (347)
[2018.09.14-06.33.03:674][337]LogModuleManager: Shutting down and abandoning module DatasmithContentEditor (342)
[2018.09.14-06.33.03:674][337]LogModuleManager: Shutting down and abandoning module DatasmithContent (340)
[2018.09.14-06.33.03:675][337]LogModuleManager: Shutting down and abandoning module SpeedTreeImporter (338)
[2018.09.14-06.33.03:675][337]LogModuleManager: Shutting down and abandoning module PluginBrowser (336)
[2018.09.14-06.33.03:675][337]LogModuleManager: Shutting down and abandoning module MobileLauncherProfileWizard (334)
[2018.09.14-06.33.03:675][337]LogModuleManager: Shutting down and abandoning module PolygonModeling (332)
[2018.09.14-06.33.03:675][337]LogModuleManager: Shutting down and abandoning module MeshEditor (330)
[2018.09.14-06.33.03:675][337]LogModuleManager: Shutting down and abandoning module CryptoKeysOpenSSL (328)
[2018.09.14-06.33.03:675][337]LogModuleManager: Shutting down and abandoning module CryptoKeys (326)
[2018.09.14-06.33.03:675][337]LogModuleManager: Shutting down and abandoning module VisualStudioSourceCodeAccess (324)
[2018.09.14-06.33.03:676][337]LogModuleManager: Shutting down and abandoning module VisualStudioCodeSourceCodeAccess (322)
[2018.09.14-06.33.03:676][337]LogModuleManager: Shutting down and abandoning module UObjectPlugin (320)
[2018.09.14-06.33.03:676][337]LogModuleManager: Shutting down and abandoning module SubversionSourceControl (318)
[2018.09.14-06.33.03:676][337]LogModuleManager: Shutting down and abandoning module PerforceSourceControl (316)
[2018.09.14-06.33.03:676][337]LogModuleManager: Shutting down and abandoning module GitSourceControl (314)
[2018.09.14-06.33.03:676][337]LogModuleManager: Shutting down and abandoning module SourceControl (313)
[2018.09.14-06.33.03:676][337]LogModuleManager: Shutting down and abandoning module CLionSourceCodeAccess (310)
[2018.09.14-06.33.03:676][337]LogModuleManager: Shutting down and abandoning module LightPropagationVolumeEditor (308)
[2018.09.14-06.33.03:676][337]LogModuleManager: Shutting down and abandoning module PaperTiledImporter (306)
[2018.09.14-06.33.03:676][337]LogModuleManager: Shutting down and abandoning module PaperSpriteSheetImporter (304)
[2018.09.14-06.33.03:676][337]LogModuleManager: Shutting down and abandoning module Paper2DEditor (302)
[2018.09.14-06.33.03:676][337]LogModuleManager: Shutting down and abandoning module MeshPaint (301)
[2018.09.14-06.33.03:676][337]LogModuleManager: Shutting down and abandoning module RuntimePhysXCooking (298)
[2018.09.14-06.33.03:676][337]LogModuleManager: Shutting down and abandoning module PhysXVehiclesEditor (296)
[2018.09.14-06.33.03:676][337]LogModuleManager: Shutting down and abandoning module PhysXVehicles (294)
[2018.09.14-06.33.03:676][337]LogModuleManager: Shutting down and abandoning module OculusEditor (292)
[2018.09.14-06.33.03:676][337]LogModuleManager: Shutting down and abandoning module LocationServicesBPLibrary (290)
[2018.09.14-06.33.03:677][337]LogModuleManager: Shutting down and abandoning module ImmediatePhysicsEditor (288)
[2018.09.14-06.33.03:677][337]LogModuleManager: Shutting down and abandoning module ImmediatePhysics (286)
[2018.09.14-06.33.03:677][337]LogModuleManager: Shutting down and abandoning module ActorSequence (284)
[2018.09.14-06.33.03:677][337]LogModuleManager: Shutting down and abandoning module UdpMessaging (282)
[2018.09.14-06.33.03:778][337]LogModuleManager: Shutting down and abandoning module TcpMessaging (280)
[2018.09.14-06.33.03:878][337]LogModuleManager: Shutting down and abandoning module MagicLeapAudio (278)
[2018.09.14-06.33.03:878][337]LogModuleManager: Shutting down and abandoning module GameplayTagsEditor (276)
[2018.09.14-06.33.03:878][337]LogModuleManager: Shutting down and abandoning module FacialAnimationEditor (274)
[2018.09.14-06.33.03:878][337]LogModuleManager: Shutting down and abandoning module FacialAnimation (272)
[2018.09.14-06.33.03:878][337]LogModuleManager: Shutting down and abandoning module DataValidation (270)
[2018.09.14-06.33.03:878][337]LogModuleManager: Shutting down and abandoning module AssetManagerEditor (268)
[2018.09.14-06.33.03:878][337]LogModuleManager: Shutting down and abandoning module LevelEditor (267)
[2018.09.14-06.33.03:878][337]LogModuleManager: Shutting down and abandoning module PixelInspectorModule (266)
[2018.09.14-06.33.03:878][337]LogModuleManager: Shutting down and abandoning module CommonMenuExtensions (264)
[2018.09.14-06.33.03:879][337]LogModuleManager: Shutting down and abandoning module MainFrame (262)
[2018.09.14-06.33.03:879][337]LogModuleManager: Shutting down and abandoning module HotReload (261)
[2018.09.14-06.33.03:879][337]LogModuleManager: Shutting down and abandoning module ContentBrowser (257)
[2018.09.14-06.33.03:880][337]LogModuleManager: Shutting down and abandoning module TreeMap (255)
[2018.09.14-06.33.03:880][337]LogModuleManager: Shutting down and abandoning module LightPropagationVolumeRuntime (252)
[2018.09.14-06.33.03:880][337]LogModuleManager: Shutting down and abandoning module AISupportModule (250)
[2018.09.14-06.33.03:880][337]LogModuleManager: Shutting down and abandoning module Paper2D (248)
[2018.09.14-06.33.03:880][337]LogModuleManager: Shutting down and abandoning module WindowsMoviePlayer (246)
[2018.09.14-06.33.03:880][337]LogModuleManager: Shutting down and abandoning module WmfMedia (244)
[2018.09.14-06.33.03:881][337]LogModuleManager: Shutting down and abandoning module Media (243)
[2018.09.14-06.33.03:886][337]LogModuleManager: Shutting down and abandoning module PacketHandler (240)
[2018.09.14-06.33.03:886][337]LogModuleManager: Shutting down and abandoning module ClothingSystemEditor (238)
[2018.09.14-06.33.03:886][337]LogModuleManager: Shutting down and abandoning module ClothingSystemRuntime (236)
[2018.09.14-06.33.03:886][337]LogModuleManager: Shutting down and abandoning module MediaAssets (234)
[2018.09.14-06.33.03:886][337]LogModuleManager: Shutting down and abandoning module Overlay (232)
[2018.09.14-06.33.03:886][337]LogModuleManager: Shutting down and abandoning module OverlayEditor (231)
[2018.09.14-06.33.03:886][337]LogModuleManager: Shutting down and abandoning module VREditor (228)
[2018.09.14-06.33.03:886][337]LogModuleManager: Shutting down and abandoning module StringTableEditor (226)
[2018.09.14-06.33.03:886][337]LogModuleManager: Shutting down and abandoning module GameplayTasksEditor (224)
[2018.09.14-06.33.03:886][337]LogModuleManager: Shutting down and abandoning module BehaviorTreeEditor (222)
[2018.09.14-06.33.03:886][337]LogModuleManager: Shutting down and abandoning module FunctionalTesting (220)
[2018.09.14-06.33.03:886][337]LogModuleManager: Shutting down and abandoning module CollisionAnalyzer (218)
[2018.09.14-06.33.03:886][337]LogModuleManager: Shutting down and abandoning module WorkspaceMenuStructure (217)
[2018.09.14-06.33.03:886][337]LogModuleManager: Shutting down and abandoning module UMG (214)
[2018.09.14-06.33.03:887][337]LogModuleManager: Shutting down and abandoning module UMGEditor (213)
[2018.09.14-06.33.03:887][337]LogModuleManager: Shutting down and abandoning module Sequencer (212)
[2018.09.14-06.33.03:887][337]LogModuleManager: Shutting down and abandoning module MessageLog (209)
[2018.09.14-06.33.03:887][337]LogModuleManager: Shutting down and abandoning module SlateReflector (204)
[2018.09.14-06.33.03:887][337]LogModuleManager: Shutting down and abandoning module Slate (202)
[2018.09.14-06.33.03:887][337]LogModuleManager: Shutting down and abandoning module EditorStyle (200)
[2018.09.14-06.33.03:888][337]LogModuleManager: Shutting down and abandoning module MRMesh (198)
[2018.09.14-06.33.03:888][337]LogModuleManager: Shutting down and abandoning module SourceCodeAccess (196)
[2018.09.14-06.33.03:888][337]LogModuleManager: Shutting down and abandoning module HeadMountedDisplay (194)
[2018.09.14-06.33.03:888][337]LogModuleManager: Shutting down and abandoning module XAudio2 (192)
[2018.09.14-06.33.03:888][337]LogModuleManager: Shutting down and abandoning module Networking (190)
[2018.09.14-06.33.03:888][337]LogModuleManager: Shutting down and abandoning module Core (188)
[2018.09.14-06.33.03:888][337]LogModuleManager: Shutting down and abandoning module LevelSequence (186)
[2018.09.14-06.33.03:888][337]LogModuleManager: Shutting down and abandoning module KismetCompiler (184)
[2018.09.14-06.33.03:888][337]LogModuleManager: Shutting down and abandoning module MeshUtilities (182)
[2018.09.14-06.33.03:888][337]LogModuleManager: Shutting down and abandoning module MeshMergeUtilities (181)
[2018.09.14-06.33.03:888][337]LogModuleManager: Shutting down and abandoning module MeshReductionInterface (180)
[2018.09.14-06.33.03:888][337]LogModuleManager: Shutting down and abandoning module SimplygonSwarm (179)
[2018.09.14-06.33.03:888][337]LogModuleManager: Shutting down and abandoning module ProxyLODMeshReduction (177)
[2018.09.14-06.33.03:888][337]LogModuleManager: Shutting down and abandoning module SimplygonMeshReduction (175)
[2018.09.14-06.33.03:888][337]LogModuleManager: Shutting down and abandoning module QuadricMeshReduction (173)
[2018.09.14-06.33.03:888][337]LogModuleManager: Shutting down and abandoning module MaterialBaking (169)
[2018.09.14-06.33.03:888][337]LogModuleManager: Shutting down and abandoning module DirectoryWatcher (165)
[2018.09.14-06.33.03:888][337]LogModuleManager: Shutting down and abandoning module DerivedDataCache (162)
[2018.09.14-06.33.04:160][337]LogDerivedDataCache: Shutdown
[2018.09.14-06.33.04:160][337]LogModuleManager: Shutting down and abandoning module XGEController (160)
[2018.09.14-06.33.04:160][337]LogModuleManager: Shutting down and abandoning module TargetPlatform (158)
[2018.09.14-06.33.04:160][337]LogModuleManager: Shutting down and abandoning module VulkanShaderFormat (157)
[2018.09.14-06.33.04:160][337]LogModuleManager: Shutting down and abandoning module ShaderFormatVectorVM (155)
[2018.09.14-06.33.04:160][337]LogModuleManager: Shutting down and abandoning module ShaderFormatOpenGL (153)
[2018.09.14-06.33.04:160][337]LogModuleManager: Shutting down and abandoning module ShaderFormatD3D (151)
[2018.09.14-06.33.04:160][337]LogModuleManager: Shutting down and abandoning module MetalShaderFormat (149)
[2018.09.14-06.33.04:160][337]LogModuleManager: Shutting down and abandoning module TextureFormatUncompressed (147)
[2018.09.14-06.33.04:160][337]LogModuleManager: Shutting down and abandoning module TextureFormatPVR (145)
[2018.09.14-06.33.04:160][337]LogModuleManager: Shutting down and abandoning module TextureFormatDXT (143)
[2018.09.14-06.33.04:160][337]LogModuleManager: Shutting down and abandoning module TextureFormatIntelISPCTexComp (141)
[2018.09.14-06.33.04:161][337]LogModuleManager: Shutting down and abandoning module TextureFormatASTC (139)
[2018.09.14-06.33.04:161][337]LogModuleManager: Shutting down and abandoning module ImageWrapper (138)
[2018.09.14-06.33.04:161][337]LogModuleManager: Shutting down and abandoning module TextureFormatAndroid (135)
[2018.09.14-06.33.04:161][337]LogModuleManager: Shutting down and abandoning module AudioFormatOpus (133)
[2018.09.14-06.33.04:161][337]LogModuleManager: Shutting down and abandoning module AudioFormatOgg (131)
[2018.09.14-06.33.04:161][337]LogModuleManager: Shutting down and abandoning module AudioFormatADPCM (129)
[2018.09.14-06.33.04:161][337]LogModuleManager: Shutting down and abandoning module LuminTargetPlatform (127)
[2018.09.14-06.33.04:161][337]LogModuleManager: Shutting down and abandoning module LinuxTargetPlatform (125)
[2018.09.14-06.33.04:161][337]LogModuleManager: Shutting down and abandoning module LinuxServerTargetPlatform (123)
[2018.09.14-06.33.04:161][337]LogModuleManager: Shutting down and abandoning module LinuxNoEditorTargetPlatform (121)
[2018.09.14-06.33.04:161][337]LogModuleManager: Shutting down and abandoning module LinuxClientTargetPlatform (119)
[2018.09.14-06.33.04:161][337]LogModuleManager: Shutting down and abandoning module TVOSTargetPlatform (117)
[2018.09.14-06.33.04:161][337]LogModuleManager: Shutting down and abandoning module Messaging (115)
[2018.09.14-06.33.04:161][337]LogModuleManager: Shutting down and abandoning module IOSTargetPlatform (113)
[2018.09.14-06.33.04:162][337]LogModuleManager: Shutting down and abandoning module HTML5TargetPlatform (111)
[2018.09.14-06.33.04:162][337]LogModuleManager: Shutting down and abandoning module AndroidTargetPlatform (109)
[2018.09.14-06.33.04:166][337]LogModuleManager: Shutting down and abandoning module WindowsTargetPlatform (107)
[2018.09.14-06.33.04:166][337]LogModuleManager: Shutting down and abandoning module WindowsServerTargetPlatform (105)
[2018.09.14-06.33.04:166][337]LogModuleManager: Shutting down and abandoning module WindowsNoEditorTargetPlatform (103)
[2018.09.14-06.33.04:166][337]LogModuleManager: Shutting down and abandoning module WindowsClientTargetPlatform (101)
[2018.09.14-06.33.04:166][337]LogModuleManager: Shutting down and abandoning module MacTargetPlatform (99)
[2018.09.14-06.33.04:166][337]LogModuleManager: Shutting down and abandoning module MacServerTargetPlatform (97)
[2018.09.14-06.33.04:166][337]LogModuleManager: Shutting down and abandoning module MacNoEditorTargetPlatform (95)
[2018.09.14-06.33.04:166][337]LogModuleManager: Shutting down and abandoning module MacClientTargetPlatform (93)
[2018.09.14-06.33.04:166][337]LogModuleManager: Shutting down and abandoning module AllDesktopTargetPlatform (91)
[2018.09.14-06.33.04:166][337]LogModuleManager: Shutting down and abandoning module InputCore (88)
[2018.09.14-06.33.04:166][337]LogModuleManager: Shutting down and abandoning module Settings (86)
[2018.09.14-06.33.04:166][337]LogModuleManager: Shutting down and abandoning module PhysXCooking (84)
[2018.09.14-06.33.04:166][337]LogModuleManager: Shutting down and abandoning module SteamVR (82)
[2018.09.14-06.33.04:166][337]LogModuleManager: Shutting down and abandoning module OculusHMD (80)
[2018.09.14-06.33.04:166][337]LogModuleManager: Shutting down and abandoning module ExampleDeviceProfileSelector (78)
[2018.09.14-06.33.04:166][337]LogModuleManager: Shutting down and abandoning module LauncherChunkInstaller (76)
[2018.09.14-06.33.04:166][337]LogModuleManager: Shutting down and abandoning module OnlineBlueprintSupport (74)
[2018.09.14-06.33.04:166][337]LogModuleManager: Shutting down and abandoning module OnlineSubsystem (70)
[2018.09.14-06.33.04:167][337]LogModuleManager: Shutting down and abandoning module XMPP (65)
[2018.09.14-06.33.04:167][337]LogModuleManager: Shutting down and abandoning module WebSockets (64)
[2018.09.14-06.33.04:188][337]LogModuleManager: Shutting down and abandoning module HTTP (61)
[2018.09.14-06.33.04:188][337]LogHttp: Display: Http module shutting down, but needs to wait on 1 outstanding Http requests:
[2018.09.14-06.33.04:188][337]LogHttp: Display: 	verb=[POST] url=[https://datarouter.ol.epicgames.com/datarouter/api/v1/public/data?SessionID=%7B10689287-4160-D8C9-B643-9CBA4C6845EE%7D&AppID=UEEditor.Rocket.Release&AppVersion=4.20.2-4302132%2B%2B%2BUE4%2BRelease-4.20&UserID=d8dd3aab421575345fb2beb590d532b2%7Cf4b98b02028a4f75a31816ae5c0f82b7%7Cb125b0ee-45af-4f41-88d4-9211da2a2a5f&AppEnvironment=datacollector-binary&UploadType=eteventstream] status=Processing
[2018.09.14-06.33.04:189][337]LogModuleManager: Shutting down and abandoning module SSL (60)
[2018.09.14-06.33.04:190][337]LogModuleManager: Shutting down and abandoning module MagicLeapEmulator (56)
[2018.09.14-06.33.04:190][337]LogModuleManager: Shutting down and abandoning module MagicLeapPrivileges (54)
[2018.09.14-06.33.04:190][337]LogModuleManager: Shutting down and abandoning module MagicLeapIdentity (52)
[2018.09.14-06.33.04:190][337]LogModuleManager: Shutting down and abandoning module MagicLeapHelperVulkan (50)
[2018.09.14-06.33.04:190][337]LogModuleManager: Shutting down and abandoning module MagicLeapHelperOpenGL (48)
[2018.09.14-06.33.04:190][337]LogModuleManager: Shutting down and abandoning module MagicLeapSecureStorage (46)
[2018.09.14-06.33.04:190][337]LogModuleManager: Shutting down and abandoning module MagicLeapGestures (44)
[2018.09.14-06.33.04:190][337]LogModuleManager: Shutting down and abandoning module MagicLeapEyeTracker (42)
[2018.09.14-06.33.04:190][337]LogModuleManager: Shutting down and abandoning module MagicLeapController (40)
[2018.09.14-06.33.04:190][337]LogSlate: Slate User Destroyed.  User Index 0, Is Virtual User: 0
[2018.09.14-06.33.04:190][337]LogModuleManager: Shutting down and abandoning module MagicLeap (38)
[2018.09.14-06.33.04:190][337]LogModuleManager: Shutting down and abandoning module AnimationModifiers (36)
[2018.09.14-06.33.04:190][337]LogModuleManager: Shutting down and abandoning module PropertyEditor (35)
[2018.09.14-06.33.04:190][337]LogModuleManager: Shutting down and abandoning module AudioEditor (32)
[2018.09.14-06.33.04:190][337]LogModuleManager: Shutting down and abandoning module TextureCompressor (30)
[2018.09.14-06.33.04:190][337]LogModuleManager: Shutting down and abandoning module ShaderCore (28)
[2018.09.14-06.33.04:190][337]LogModuleManager: Shutting down and abandoning module Landscape (26)
[2018.09.14-06.33.04:190][337]LogModuleManager: Shutting down and abandoning module SlateRHIRenderer (24)
[2018.09.14-06.33.04:191][337]LogModuleManager: Shutting down and abandoning module OpenGLDrv (22)
[2018.09.14-06.33.04:191][337]LogModuleManager: Shutting down and abandoning module D3D11RHI (20)
[2018.09.14-06.33.04:191][337]LogModuleManager: Shutting down and abandoning module AnimGraphRuntime (18)
[2018.09.14-06.33.04:191][337]LogModuleManager: Shutting down and abandoning module Renderer (16)
[2018.09.14-06.33.04:191][337]LogModuleManager: Shutting down and abandoning module Engine (14)
[2018.09.14-06.33.04:191][337]LogModuleManager: Shutting down and abandoning module CoreUObject (12)
[2018.09.14-06.33.04:191][337]LogModuleManager: Shutting down and abandoning module NetworkFile (10)
[2018.09.14-06.33.04:191][337]LogModuleManager: Shutting down and abandoning module CookedIterativeFile (8)
[2018.09.14-06.33.04:191][337]LogModuleManager: Shutting down and abandoning module StreamingFile (6)
[2018.09.14-06.33.04:191][337]LogModuleManager: Shutting down and abandoning module SandboxFile (4)
[2018.09.14-06.33.04:191][337]LogModuleManager: Shutting down and abandoning module PakFile (2)
[2018.09.14-06.33.04:195][337]LogExit: Exiting.
[2018.09.14-06.33.04:207][337]Log file closed, 09/14/18 09:33:04
